<?xml version="1.0" encoding="UTF-8"?>
<testsuite xmlns:xsi="http://www.w3.org/2001/XMLSchema-instance" xsi:noNamespaceSchemaLocation="https://maven.apache.org/surefire/maven-surefire-plugin/xsd/surefire-test-report.xsd" name="TestSuite" time="26.109" tests="1" errors="0" skipped="0" failures="1">
  <properties>
[...]
</properties>
  <testcase name="verifyHomePageTitle" classname="gmailApp.Scripts.HomePageTest" time="5.057">
    <failure message="Unable to locate element: .//*[@id=&apos;account&apos;]/a&#10;For documentation on this error, please visit: http://seleniumhq.org/exceptions/no_such_element.html&#10;Build info: version: &apos;3.11.0&apos;, revision: &apos;e59cfb3&apos;, time: &apos;2018-03-11T20:26:55.152Z&apos;&#10;System info: host: &apos;ANJAN&apos;, ip: &apos;192.168.56.1&apos;, os.name: &apos;Windows 10&apos;, os.arch: &apos;amd64&apos;, os.version: &apos;10.0&apos;, java.version: &apos;1.8.0_161&apos;&#10;Driver info: org.openqa.selenium.firefox.FirefoxDriver&#10;Capabilities {acceptInsecureCerts: true, browserName: firefox, browserVersion: 56.0, javascriptEnabled: true, moz:accessibilityChecks: false, moz:headless: false, moz:processID: 25836, moz:profile: C:\Users\ANJAN\AppData\Loca..., pageLoadStrategy: normal, platform: XP, platformName: XP, platformVersion: 10.0, rotatable: false, specificationLevel: 0, timeouts: {implicit: 0, pageLoad: 300000, script: 30000}}&#10;Session ID: e1ffaa7b-53e3-4d02-9923-4ee455f2238d&#10;*** Element info: {Using=xpath, value=.//*[@id=&apos;account&apos;]/a}" type="org.openqa.selenium.NoSuchElementException">org.openqa.selenium.NoSuchElementException: 
Unable to locate element: .//*[@id='account']/a
For documentation on this error, please visit: http://seleniumhq.org/exceptions/no_such_element.html
Build info: version: '3.11.0', revision: 'e59cfb3', time: '2018-03-11T20:26:55.152Z'
System info: host: 'ANJAN', ip: '192.168.56.1', os.name: 'Windows 10', os.arch: 'amd64', os.version: '10.0', java.version: '1.8.0_161'
Driver info: org.openqa.selenium.firefox.FirefoxDriver
Capabilities {acceptInsecureCerts: true, browserName: firefox, browserVersion: 56.0, javascriptEnabled: true, moz:accessibilityChecks: false, moz:headless: false, moz:processID: 25836, moz:profile: C:\Users\ANJAN\AppData\Loca..., pageLoadStrategy: normal, platform: XP, platformName: XP, platformVersion: 10.0, rotatable: false, specificationLevel: 0, timeouts: {implicit: 0, pageLoad: 300000, script: 30000}}
Session ID: e1ffaa7b-53e3-4d02-9923-4ee455f2238d
*** Element info: {Using=xpath, value=.//*[@id='account']/a}
	at gmailApp.Scripts.HomePageTest.verifyHomePageTitle(HomePageTest.java:63)
</failure>
    <system-out><![CDATA[180425_0100
Welcome: Mercury Tours
]]></system-out>
    <system-err><![CDATA[1524632410890	geckodriver	INFO	geckodriver 0.20.0
1524632410898	geckodriver	INFO	Listening on 127.0.0.1:41995
1524632411610	mozrunner::runner	INFO	Running command: "C:\\Program Files (x86)\\Mozilla Firefox\\firefox.exe" "-marionette" "-profile" "C:\\Users\\ANJAN\\AppData\\Local\\Temp\\rust_mozprofile.6OMjJStockn8"
1524632411787	addons.xpi	WARN	Error parsing extensions state: [Exception... "Component returned failure code: 0x80520012 (NS_ERROR_FILE_NOT_FOUND) [amIAddonManagerStartup.readStartupData]"  nsresult: "0x80520012 (NS_ERROR_FILE_NOT_FOUND)"  location: "JS frame :: resource://gre/modules/addons/XPIProvider.jsm :: loadExtensionState :: line 1554"  data: no] Stack trace: loadExtensionState()@resource://gre/modules/addons/XPIProvider.jsm:1554 < getInstallState()@resource://gre/modules/addons/XPIProvider.jsm:1589 < checkForChanges()@resource://gre/modules/addons/XPIProvider.jsm:3109 < startup()@resource://gre/modules/addons/XPIProvider.jsm:2188 < callProvider()@resource://gre/modules/AddonManager.jsm:269 < _startProvider()@resource://gre/modules/AddonManager.jsm:739 < startup()@resource://gre/modules/AddonManager.jsm:906 < startup()@resource://gre/modules/AddonManager.jsm:3090 < observe()@jar:file:///C:/Program%20Files%20(x86)/Mozilla%20Firefox/omni.ja!/components/addonManager.js:65
1524632412534	Marionette	INFO	Enabled via --marionette
[Child 7240] WARNING: pipe error: 109: file z:/build/build/src/ipc/chromium/src/chrome/common/ipc_channel_win.cc, line 346
[Child 7240] WARNING: pipe error: 109: file z:/build/build/src/ipc/1524632415233	Marionette	INFO	Listening on port 65475
1524632415729	Marionette	WARN	TLS certificate errors will be ignored for this session
1524632415797	Marionette	DEBUG	Register listener.js for window 4294967297
Apr 25, 2018 1:00:15 AM org.openqa.selenium.remote.ProtocolHandshake createSession
INFO: Detected dialect: W3C
1524632415862	Marionette	DEBUG	Received DOM event "beforeunload" for "about:blank"
1524632416185	Marionette	DEBUG	Received DOM event "pagehide" for "about:blank"
1524632416185	Marionette	DEBUG	Received DOM event "unload" for "about:blank"
1524632416574	Marionette	DEBUG	Received DOM event "DOMContentLoaded" for "http://newtours.demoaut.com/"
1524632429208	Marionette	DEBUG	Received DOM event "pageshow" for "http://newtours.demoaut.com/"
Apr 25, 2018 1:00:29 AM com.relevantcodes.extentreports.ExtentReports loadConfig
WARNING: Unable to perform report configuration. The file C:\Users\ANJAN\Downloads\Google.Gmail\Google.Gmail\extent-config.xml was not found.
]]></system-err>
  </testcase>
</testsuite>